[    0.000000] Linux version 4.15.0-137-generic (buildd@lcy01-amd64-011) (gcc version 7.5.0 (Ubuntu 7.5.0-3ubuntu1~18.04)) #141-Ubuntu SMP Fri Feb 19 13:46:27 UTC 2021 (Ubuntu 4.15.0-137.141-generic 4.15.18)
[    0.000000] Command line: BOOT_IMAGE=/boot/vmlinuz-4.15.0-137-generic root=LABEL=cloudimg-rootfs ro console=tty1 console=ttyS0
[    0.000000] KERNEL supported cpus:
[    0.000000]   Intel GenuineIntel
[    0.000000]   AMD AuthenticAMD
[    0.000000]   Centaur CentaurHauls
[    0.000000] x86/fpu: Supporting XSAVE feature 0x001: 'x87 floating point registers'
[    0.000000] x86/fpu: Supporting XSAVE feature 0x002: 'SSE registers'
[    0.000000] x86/fpu: Supporting XSAVE feature 0x004: 'AVX registers'
[    0.000000] x86/fpu: xstate_offset[2]:  576, xstate_sizes[2]:  256
[    0.000000] x86/fpu: Enabled xstate features 0x7, context size is 832 bytes, using 'standard' format.
[    0.000000] e820: BIOS-provided physical RAM map:
[    0.000000] BIOS-e820: [mem 0x0000000000000000-0x000000000009fbff] usable
[    0.000000] BIOS-e820: [mem 0x000000000009fc00-0x000000000009ffff] reserved
[    0.000000] BIOS-e820: [mem 0x00000000000f0000-0x00000000000fffff] reserved
[    0.000000] BIOS-e820: [mem 0x0000000000100000-0x000000007ffeffff] usable
[    0.000000] BIOS-e820: [mem 0x000000007fff0000-0x000000007fffffff] ACPI data
[    0.000000] BIOS-e820: [mem 0x00000000fec00000-0x00000000fec00fff] reserved
[    0.000000] BIOS-e820: [mem 0x00000000fee00000-0x00000000fee00fff] reserved
[    0.000000] BIOS-e820: [mem 0x00000000fffc0000-0x00000000ffffffff] reserved
[    0.000000] NX (Execute Disable) protection: active
[    0.000000] SMBIOS 2.5 present.
[    0.000000] DMI: innotek GmbH VirtualBox/VirtualBox, BIOS VirtualBox 12/01/2006
[    0.000000] Hypervisor detected: KVM
[    0.000000] e820: last_pfn = 0x7fff0 max_arch_pfn = 0x400000000
[    0.000000] MTRR: Disabled
[    0.000000] x86/PAT: MTRRs disabled, skipping PAT initialization too.
[    0.000000] CPU MTRRs all blank - virtualized system.
[    0.000000] x86/PAT: Configuration [0-7]: WB  WT  UC- UC  WB  WT  UC- UC  
[    0.000000] found SMP MP-table at [mem 0x0009fff0-0x0009ffff]
[    0.000000] Scanning 1 areas for low memory corruption
[    0.000000] RAMDISK: [mem 0x35a63000-0x36d28fff]
[    0.000000] ACPI: Early table checksum verification disabled
[    0.000000] ACPI: RSDP 0x00000000000E0000 000024 (v02 VBOX  )
[    0.000000] ACPI: XSDT 0x000000007FFF0030 00003C (v01 VBOX   VBOXXSDT 00000001 ASL  00000061)
[    0.000000] ACPI: FACP 0x000000007FFF00F0 0000F4 (v04 VBOX   VBOXFACP 00000001 ASL  00000061)
[    0.000000] ACPI: DSDT 0x000000007FFF0470 002325 (v02 VBOX   VBOXBIOS 00000002 INTL 20120111)
[    0.000000] ACPI: FACS 0x000000007FFF0200 000040
[    0.000000] ACPI: FACS 0x000000007FFF0200 000040
[    0.000000] ACPI: APIC 0x000000007FFF0240 000054 (v02 VBOX   VBOXAPIC 00000001 ASL  00000061)
[    0.000000] ACPI: SSDT 0x000000007FFF02A0 0001CC (v01 VBOX   VBOXCPUT 00000002 INTL 20120111)
[    0.000000] No NUMA configuration found
[    0.000000] Faking a node at [mem 0x0000000000000000-0x000000007ffeffff]
[    0.000000] NODE_DATA(0) allocated [mem 0x7ffc5000-0x7ffeffff]
[    0.000000] kvm-clock: cpu 0, msr 0:7ff44001, primary cpu clock
[    0.000000] kvm-clock: Using msrs 4b564d01 and 4b564d00
[    0.000000] kvm-clock: using sched offset of 3383145399 cycles
[    0.000000] clocksource: kvm-clock: mask: 0xffffffffffffffff max_cycles: 0x1cd42e4dffb, max_idle_ns: 881590591483 ns
[    0.000000] Zone ranges:
[    0.000000]   DMA      [mem 0x0000000000001000-0x0000000000ffffff]
[    0.000000]   DMA32    [mem 0x0000000001000000-0x000000007ffeffff]
[    0.000000]   Normal   empty
[    0.000000]   Device   empty
[    0.000000] Movable zone start for each node
[    0.000000] Early memory node ranges
[    0.000000]   node   0: [mem 0x0000000000001000-0x000000000009efff]
[    0.000000]   node   0: [mem 0x0000000000100000-0x000000007ffeffff]
[    0.000000] Reserved but unavailable: 98 pages
[    0.000000] Initmem setup node 0 [mem 0x0000000000001000-0x000000007ffeffff]
[    0.000000] ACPI: PM-Timer IO Port: 0x4008
[    0.000000] IOAPIC[0]: apic_id 1, version 32, address 0xfec00000, GSI 0-23
[    0.000000] ACPI: INT_SRC_OVR (bus 0 bus_irq 0 global_irq 2 dfl dfl)
[    0.000000] ACPI: INT_SRC_OVR (bus 0 bus_irq 9 global_irq 9 low level)
[    0.000000] Using ACPI (MADT) for SMP configuration information
[    0.000000] smpboot: Allowing 1 CPUs, 0 hotplug CPUs
[    0.000000] PM: Registered nosave memory: [mem 0x00000000-0x00000fff]
[    0.000000] PM: Registered nosave memory: [mem 0x0009f000-0x0009ffff]
[    0.000000] PM: Registered nosave memory: [mem 0x000a0000-0x000effff]
[    0.000000] PM: Registered nosave memory: [mem 0x000f0000-0x000fffff]
[    0.000000] e820: [mem 0x80000000-0xfebfffff] available for PCI devices
[    0.000000] Booting paravirtualized kernel on KVM
[    0.000000] clocksource: refined-jiffies: mask: 0xffffffff max_cycles: 0xffffffff, max_idle_ns: 7645519600211568 ns
[    0.000000] random: get_random_bytes called from start_kernel+0x99/0x500 with crng_init=0
[    0.000000] setup_percpu: NR_CPUS:8192 nr_cpumask_bits:1 nr_cpu_ids:1 nr_node_ids:1
[    0.000000] percpu: Embedded 45 pages/cpu s147456 r8192 d28672 u2097152
[    0.000000] PV qspinlock hash table entries: 256 (order: 0, 4096 bytes)
[    0.000000] Built 1 zonelists, mobility grouping on.  Total pages: 515961
[    0.000000] Policy zone: DMA32
[    0.000000] Kernel command line: BOOT_IMAGE=/boot/vmlinuz-4.15.0-137-generic root=LABEL=cloudimg-rootfs ro console=tty1 console=ttyS0
[    0.000000] Memory: 2015392K/2096696K available (12300K kernel code, 2483K rwdata, 4276K rodata, 2440K init, 2724K bss, 81304K reserved, 0K cma-reserved)
[    0.000000] SLUB: HWalign=64, Order=0-3, MinObjects=0, CPUs=1, Nodes=1
[    0.000000] Kernel/User page tables isolation: enabled
[    0.000000] ftrace: allocating 39427 entries in 155 pages
[    0.004000] Hierarchical RCU implementation.
[    0.004000] 	RCU restricting CPUs from NR_CPUS=8192 to nr_cpu_ids=1.
[    0.004000] 	Tasks RCU enabled.
[    0.004000] RCU: Adjusting geometry for rcu_fanout_leaf=16, nr_cpu_ids=1
[    0.004000] NR_IRQS: 524544, nr_irqs: 256, preallocated irqs: 16
[    0.004000] Console: colour VGA+ 80x25
[    0.004000] console [tty1] enabled
[    0.004000] console [ttyS0] enabled
[    0.004000] ACPI: Core revision 20170831
[    0.004000] ACPI: 2 ACPI AML tables successfully acquired and loaded
[    0.004000] APIC: Switch to symmetric I/O mode setup
[    0.004000] x2apic enabled
[    0.004000] Switched APIC routing to physical x2apic.
[    0.004000] ..TIMER: vector=0x30 apic1=0 pin1=2 apic2=-1 pin2=-1
[    0.004003] tsc: Detected 2591.998 MHz processor
[    0.005088] Calibrating delay loop (skipped) preset value.. 5183.99 BogoMIPS (lpj=10367992)
[    0.005551] pid_max: default: 32768 minimum: 301
[    0.006566] Security Framework initialized
[    0.008002] Yama: becoming mindful.
[    0.008641] AppArmor: AppArmor initialized
[    0.010264] Dentry cache hash table entries: 262144 (order: 9, 2097152 bytes)
[    0.013105] Inode-cache hash table entries: 131072 (order: 8, 1048576 bytes)
[    0.014311] Mount-cache hash table entries: 4096 (order: 3, 32768 bytes)
[    0.015497] Mountpoint-cache hash table entries: 4096 (order: 3, 32768 bytes)
[    0.017395] process: using mwait in idle threads
[    0.018236] Last level iTLB entries: 4KB 64, 2MB 8, 4MB 8
[    0.019179] Last level dTLB entries: 4KB 64, 2MB 0, 4MB 0, 1GB 4
[    0.020002] Spectre V1 : Mitigation: usercopy/swapgs barriers and __user pointer sanitization
[    0.021461] Spectre V2 : Mitigation: Full generic retpoline
[    0.022421] Spectre V2 : Spectre v2 / SpectreRSB mitigation: Filling RSB on context switch
[    0.023831] Speculative Store Bypass: Vulnerable
[    0.024019] SRBDS: Unknown: Dependent on hypervisor status
[    0.024958] MDS: Mitigation: Clear CPU buffers
[    0.032503] Freeing SMP alternatives memory: 36K
[    0.143478] smpboot: CPU0: Intel(R) Core(TM) i7-9750H CPU @ 2.60GHz (family: 0x6, model: 0x9e, stepping: 0xa)
[    0.144000] Performance Events: unsupported p6 CPU model 158 no PMU driver, software events only.
[    0.144000] Hierarchical SRCU implementation.
[    0.144560] NMI watchdog: Perf event create on CPU 0 failed with -2
[    0.146036] NMI watchdog: Perf NMI watchdog permanently disabled
[    0.147057] smp: Bringing up secondary CPUs ...
[    0.147831] smp: Brought up 1 node, 1 CPU
[    0.148001] smpboot: Max logical packages: 1
[    0.148733] smpboot: Total of 1 processors activated (5183.99 BogoMIPS)
[    0.149913] devtmpfs: initialized
[    0.150534] x86/mm: Memory block size: 128MB
[    0.151393] evm: security.selinux
[    0.152003] evm: security.SMACK64
[    0.152587] evm: security.SMACK64EXEC
[    0.153226] evm: security.SMACK64TRANSMUTE
[    0.153930] evm: security.SMACK64MMAP
[    0.154566] evm: security.apparmor
[    0.155483] evm: security.ima
[    0.156002] evm: security.capability
[    0.156901] clocksource: jiffies: mask: 0xffffffff max_cycles: 0xffffffff, max_idle_ns: 7645041785100000 ns
[    0.158514] futex hash table entries: 256 (order: 2, 16384 bytes)
[    0.160030] pinctrl core: initialized pinctrl subsystem
[    0.161418] RTC time: 11:24:16, date: 03/17/21
[    0.162247] NET: Registered protocol family 16
[    0.163056] audit: initializing netlink subsys (disabled)
[    0.164083] cpuidle: using governor ladder
[    0.164793] cpuidle: using governor menu
[    0.165492] ACPI: bus type PCI registered
[    0.166182] acpiphp: ACPI Hot Plug PCI Controller Driver version: 0.5
[    0.167320] PCI: Using configuration type 1 for base access
[    0.168018] audit: type=2000 audit(1615980261.969:1): state=initialized audit_enabled=0 res=1
[    0.170121] HugeTLB registered 2.00 MiB page size, pre-allocated 0 pages
[    0.171337] ACPI: Added _OSI(Module Device)
[    0.172002] ACPI: Added _OSI(Processor Device)
[    0.172757] ACPI: Added _OSI(3.0 _SCP Extensions)
[    0.173559] ACPI: Added _OSI(Processor Aggregator Device)
[    0.174459] ACPI: Added _OSI(Linux-Dell-Video)
[    0.175311] ACPI: Added _OSI(Linux-Lenovo-NV-HDMI-Audio)
[    0.176006] ACPI: Added _OSI(Linux-HPI-Hybrid-Graphics)
[    0.177506] ACPI: Executed 1 blocks of module-level executable AML code
[    0.182113] ACPI: Interpreter enabled
[    0.182809] ACPI: (supports S0 S5)
[    0.183414] ACPI: Using IOAPIC for interrupt routing
[    0.184170] PCI: Using host bridge windows from ACPI; if necessary, use "pci=nocrs" and report a bug
[    0.185861] ACPI: Enabled 2 GPEs in block 00 to 07
[    0.192936] ACPI: PCI Root Bridge [PCI0] (domain 0000 [bus 00-ff])
[    0.194042] acpi PNP0A03:00: _OSC: OS supports [ASPM ClockPM Segments MSI]
[    0.196332] acpi PNP0A03:00: _OSC: not requesting OS control; OS requires [ExtendedConfig ASPM ClockPM MSI]
[    0.198206] acpi PNP0A03:00: fail to add MMCONFIG information, can't access extended PCI configuration space under this bridge.
[    0.200412] PCI host bridge to bus 0000:00
[    0.201124] pci_bus 0000:00: root bus resource [io  0x0000-0x0cf7 window]
[    0.204003] pci_bus 0000:00: root bus resource [io  0x0d00-0xffff window]
[    0.205478] pci_bus 0000:00: root bus resource [mem 0x000a0000-0x000bffff window]
[    0.206735] pci_bus 0000:00: root bus resource [mem 0x80000000-0xfdffffff window]
[    0.208002] pci_bus 0000:00: root bus resource [bus 00-ff]
[    0.211382] pci 0000:00:01.1: legacy IDE quirk: reg 0x10: [io  0x01f0-0x01f7]
[    0.212002] pci 0000:00:01.1: legacy IDE quirk: reg 0x14: [io  0x03f6]
[    0.213241] pci 0000:00:01.1: legacy IDE quirk: reg 0x18: [io  0x0170-0x0177]
[    0.214833] pci 0000:00:01.1: legacy IDE quirk: reg 0x1c: [io  0x0376]
[    0.227120] pci 0000:00:07.0: quirk: [io  0x4000-0x403f] claimed by PIIX4 ACPI
[    0.228018] pci 0000:00:07.0: quirk: [io  0x4100-0x410f] claimed by PIIX4 SMB
[    0.240416] ACPI: PCI Interrupt Link [LNKA] (IRQs 5 9 10 *11)
[    0.243026] ACPI: PCI Interrupt Link [LNKB] (IRQs 5 9 *10 11)
[    0.244111] ACPI: PCI Interrupt Link [LNKC] (IRQs 5 *9 10 11)
[    0.245205] ACPI: PCI Interrupt Link [LNKD] (IRQs 5 9 10 *11)
[    0.246402] SCSI subsystem initialized
[    0.247167] pci 0000:00:02.0: vgaarb: setting as boot VGA device
[    0.248000] pci 0000:00:02.0: vgaarb: VGA device added: decodes=io+mem,owns=io+mem,locks=none
[    0.248003] pci 0000:00:02.0: vgaarb: bridge control possible
[    0.252001] vgaarb: loaded
[    0.252517] ACPI: bus type USB registered
[    0.253363] usbcore: registered new interface driver usbfs
[    0.254321] usbcore: registered new interface driver hub
[    0.255261] usbcore: registered new device driver usb
[    0.256039] EDAC MC: Ver: 3.0.0
[    0.256870] PCI: Using ACPI for IRQ routing
[    0.257864] NetLabel: Initializing
[    0.258480] NetLabel:  domain hash size = 128
[    0.259242] NetLabel:  protocols = UNLABELED CIPSOv4 CALIPSO
[    0.260016] NetLabel:  unlabeled traffic allowed by default
[    0.261045] clocksource: Switched to clocksource kvm-clock
[    0.269675] VFS: Disk quotas dquot_6.6.0
[    0.270793] VFS: Dquot-cache hash table entries: 512 (order 0, 4096 bytes)
[    0.272062] AppArmor: AppArmor Filesystem Enabled
[    0.272916] pnp: PnP ACPI init
[    0.274601] pnp: PnP ACPI: found 3 devices
[    0.280459] clocksource: acpi_pm: mask: 0xffffff max_cycles: 0xffffff, max_idle_ns: 2085701024 ns
[    0.282134] NET: Registered protocol family 2
[    0.283255] TCP established hash table entries: 16384 (order: 5, 131072 bytes)
[    0.285090] TCP bind hash table entries: 16384 (order: 6, 262144 bytes)
[    0.286232] TCP: Hash tables configured (established 16384 bind 16384)
[    0.287360] UDP hash table entries: 1024 (order: 3, 32768 bytes)
[    0.288417] UDP-Lite hash table entries: 1024 (order: 3, 32768 bytes)
[    0.289531] NET: Registered protocol family 1
[    0.290301] pci 0000:00:00.0: Limiting direct PCI/PCI transfers
[    0.291664] pci 0000:00:01.0: Activating ISA DMA hang workarounds
[    0.292904] pci 0000:00:02.0: Video device with shadowed ROM at [mem 0x000c0000-0x000dffff]
[    0.294529] Unpacking initramfs...
[    0.544700] Freeing initrd memory: 19224K
[    0.545638] clocksource: tsc: mask: 0xffffffffffffffff max_cycles: 0x255cb518234, max_idle_ns: 440795279333 ns
[    0.548616] platform rtc_cmos: registered platform RTC device (no PNP device found)
[    0.550190] Scanning for low memory corruption every 60 seconds
[    0.551860] Initialise system trusted keyrings
[    0.553038] Key type blacklist registered
[    0.554039] workingset: timestamp_bits=36 max_order=19 bucket_order=0
[    0.556049] zbud: loaded
[    0.556962] squashfs: version 4.0 (2009/01/31) Phillip Lougher
[    0.558254] fuse init (API version 7.26)
[    0.559816] Key type asymmetric registered
[    0.560739] Asymmetric key parser 'x509' registered
[    0.562089] Block layer SCSI generic (bsg) driver version 0.4 loaded (major 246)
[    0.563419] io scheduler noop registered
[    0.564151] io scheduler deadline registered
[    0.564997] io scheduler cfq registered (default)
[    0.566249] ACPI: AC Adapter [AC] (on-line)
[    0.567057] input: Power Button as /devices/LNXSYSTM:00/LNXPWRBN:00/input/input0
[    0.568398] ACPI: Power Button [PWRF]
[    0.569405] input: Sleep Button as /devices/LNXSYSTM:00/LNXSLPBN:00/input/input1
[    0.570910] ACPI: Sleep Button [SLPF]
[    0.572682] ACPI: Battery Slot [BAT0] (battery present)
[    0.574107] virtio-pci 0000:00:03.0: virtio_pci: leaving for legacy driver
[    0.575452] Serial: 8250/16550 driver, 32 ports, IRQ sharing enabled
[    0.597832] 00:02: ttyS0 at I/O 0x3f8 (irq = 4, base_baud = 115200) is a 16550A
[    0.600324] Linux agpgart interface v0.103
[    0.601759] loop: module loaded
[    0.602670] scsi host0: ata_piix
[    0.603331] scsi host1: ata_piix
[    0.603994] ata1: PATA max UDMA/33 cmd 0x1f0 ctl 0x3f6 bmdma 0xd000 irq 14
[    0.605193] ata2: PATA max UDMA/33 cmd 0x170 ctl 0x376 bmdma 0xd008 irq 15
[    0.606617] libphy: Fixed MDIO Bus: probed
[    0.607439] tun: Universal TUN/TAP device driver, 1.6
[    0.608575] PPP generic driver version 2.4.2
[    0.609370] ehci_hcd: USB 2.0 'Enhanced' Host Controller (EHCI) Driver
[    0.610682] ehci-pci: EHCI PCI platform driver
[    0.611673] ehci-platform: EHCI generic platform driver
[    0.612657] ohci_hcd: USB 1.1 'Open' Host Controller (OHCI) Driver
[    0.613745] ohci-pci: OHCI PCI platform driver
[    0.614675] ohci-platform: OHCI generic platform driver
[    0.615599] uhci_hcd: USB Universal Host Controller Interface driver
[    0.616774] i8042: PNP: PS/2 Controller [PNP0303:PS2K,PNP0f03:PS2M] at 0x60,0x64 irq 1,12
[    0.618561] serio: i8042 KBD port at 0x60,0x64 irq 1
[    0.619458] serio: i8042 AUX port at 0x60,0x64 irq 12
[    0.620443] mousedev: PS/2 mouse device common for all mice
[    0.621632] input: AT Translated Set 2 keyboard as /devices/platform/i8042/serio0/input/input2
[    0.623511] rtc_cmos rtc_cmos: rtc core: registered rtc_cmos as rtc0
[    0.624691] rtc_cmos rtc_cmos: alarms up to one day, 114 bytes nvram
[    0.625802] i2c /dev entries driver
[    0.626695] device-mapper: uevent: version 1.0.3
[    0.627686] device-mapper: ioctl: 4.37.0-ioctl (2017-09-20) initialised: dm-devel@redhat.com
[    0.629363] ledtrig-cpu: registered to indicate activity on CPUs
[    0.630494] intel_pmc_core:  initialized
[    0.631316] NET: Registered protocol family 10
[    0.633962] Segment Routing with IPv6
[    0.634691] NET: Registered protocol family 17
[    0.635578] Key type dns_resolver registered
[    0.636410] mce: Using 0 MCE banks
[    0.637054] RAS: Correctable Errors collector initialized.
[    0.638007] sched_clock: Marking stable (636346357, 0)->(792749447, -156403090)
[    0.639357] registered taskstats version 1
[    0.640082] Loading compiled-in X.509 certificates
[    0.642250] Loaded X.509 cert 'Build time autogenerated kernel key: 891cd9bdbdbe808e88c20f1dc4820174eb8d1858'
[    0.644361] zswap: loaded using pool lzo/zbud
[    0.647068] Key type big_key registered
[    0.647779] Key type trusted registered
[    0.649308] Key type encrypted registered
[    0.650036] AppArmor: AppArmor sha1 policy hashing enabled
[    0.650982] ima: No TPM chip found, activating TPM-bypass! (rc=-19)
[    0.652200] ima: Allocated hash algorithm: sha1
[    0.653143] evm: HMAC attrs: 0x1
[    0.653930]   Magic number: 13:797:428
[    0.654654] rtc_cmos rtc_cmos: setting system clock to 2021-03-17 11:24:17 UTC (1615980257)
[    0.656132] BIOS EDD facility v0.16 2004-Jun-25, 0 devices found
[    0.657202] EDD information not available.
[    0.790353] Freeing unused kernel image memory: 2440K
[    0.800570] Write protecting the kernel read-only data: 20480k
[    0.803040] Freeing unused kernel image memory: 2008K
[    0.804570] Freeing unused kernel image memory: 1868K
[    0.812633] x86/mm: Checked W+X mappings: passed, no W+X pages found.
[    0.814223] x86/mm: Checking user space page tables
[    0.821511] x86/mm: Checked W+X mappings: passed, no W+X pages found.
Loading, please wait...
starting version 237
[    0.906702] Fusion MPT base driver 3.04.20
[    0.907746] Copyright (c) 1999-2008 LSI Corporation
[    0.927037] Fusion MPT SPI Host driver 3.04.20
[    0.938694] AVX2 version of gcm_enc/dec engaged.
[    0.939865] AES CTR mode by8 optimization enabled
[    0.964820] mptbase: ioc0: Initiating bringup
[    0.974958] virtio_net virtio0 enp0s3: renamed from eth0
[    1.060594] ioc0: LSI53C1030 A0: Capabilities={Initiator}
[    1.117450] input: ImExPS/2 Generic Explorer Mouse as /devices/platform/i8042/serio1/input/input4
[    1.301309] scsi host2: ioc0: LSI53C1030 A0, FwRev=00000000h, Ports=1, MaxQ=256, IRQ=20
[    1.468633] scsi 2:0:0:0: Direct-Access     VBOX     HARDDISK         1.0  PQ: 0 ANSI: 5
[    1.470885] scsi target2:0:0: Beginning Domain Validation
[    1.474409] scsi target2:0:0: Domain Validation skipping write tests
[    1.476143] scsi target2:0:0: Ending Domain Validation
[    1.477786] random: fast init done
[    1.478992] scsi target2:0:0: asynchronous
[    1.480560] scsi 2:0:1:0: Direct-Access     VBOX     HARDDISK         1.0  PQ: 0 ANSI: 5
[    1.482622] scsi target2:0:1: Beginning Domain Validation
[    1.486123] scsi target2:0:1: Domain Validation skipping write tests
[    1.487589] scsi target2:0:1: Ending Domain Validation
[    1.488848] scsi target2:0:1: asynchronous
[    1.494196] random: systemd-udevd: uninitialized urandom read (16 bytes read)
[    1.495925] random: systemd-udevd: uninitialized urandom read (16 bytes read)
[    1.498080] sd 2:0:0:0: Attached scsi generic sg0 type 0
[    1.499545] random: systemd-udevd: uninitialized urandom read (16 bytes read)
[    1.501620] sd 2:0:0:0: [sda] 83886080 512-byte logical blocks: (42.9 GB/40.0 GiB)
[    1.503469] sd 2:0:0:0: [sda] Write Protect is off
[    1.504802] sd 2:0:0:0: [sda] Incomplete mode parameter data
[    1.506298] sd 2:0:0:0: [sda] Assuming drive cache: write through
[    1.507872] sd 2:0:1:0: [sdb] 20480 512-byte logical blocks: (10.5 MB/10.0 MiB)
[    1.509627] sd 2:0:1:0: Attached scsi generic sg1 type 0
[    1.511468] sd 2:0:1:0: [sdb] Write Protect is off
[    1.513460] sd 2:0:1:0: [sdb] Incomplete mode parameter data
[    1.514934] sd 2:0:1:0: [sdb] Assuming drive cache: write through
[    1.517091]  sda: sda1
[    1.518689] sd 2:0:0:0: [sda] Attached SCSI disk
[    1.520535] sd 2:0:1:0: [sdb] Attached SCSI disk
Begin: Loading essential drivers ... [    2.928338] raid6: sse2x1   gen() 11233 MB/s
[    2.976281] raid6: sse2x1   xor()  8952 MB/s
[    3.024031] raid6: sse2x2   gen() 16674 MB/s
[    3.072511] raid6: sse2x2   xor() 10840 MB/s
[    3.120036] raid6: sse2x4   gen() 18544 MB/s
[    3.168530] raid6: sse2x4   xor() 11231 MB/s
[    3.216234] raid6: avx2x1   gen() 25202 MB/s
[    3.266416] raid6: avx2x1   xor() 20133 MB/s
[    3.316430] raid6: avx2x2   gen() 34835 MB/s
[    3.366350] raid6: avx2x2   xor() 21138 MB/s
[    3.412279] raid6: avx2x4   gen() 35854 MB/s
[    3.460007] raid6: avx2x4   xor() 20171 MB/s
[    3.461041] raid6: using algorithm avx2x4 gen() 35854 MB/s
[    3.462004] raid6: .... xor() 20171 MB/s, rmw enabled
[    3.462892] raid6: using avx2x2 recovery algorithm
[    3.465153] xor: automatically using best checksumming function   avx       
[    3.467314] async_tx: api initialized (async)
done.
Begin: Running /scripts/init-premount ... done.
Begin: Mounting root file system ... Begin: Running /scripts/local-top ... done.
Begin: Running /scripts/local-premount ... [    3.506322] Btrfs loaded, crc32c=crc32c-intel
Scanning for Btrfs filesystems
done.
Warning: fsck not present, so skipping root file system
[    3.521606] EXT4-fs (sda1): mounted filesystem with ordered data mode. Opts: (null)
done.
Begin: Running /scripts/local-bottom ... done.
Begin: Running /scripts/init-bottom ... done.
[    3.646921] ip_tables: (C) 2000-2006 Netfilter Core Team
[    3.651632] systemd[1]: systemd 237 running in system mode. (+PAM +AUDIT +SELINUX +IMA +APPARMOR +SMACK +SYSVINIT +UTMP +LIBCRYPTSETUP +GCRYPT +GNUTLS +ACL +XZ +LZ4 +SECCOMP +BLKID +ELFUTILS +KMOD -IDN2 +IDN -PCRE2 default-hierarchy=hybrid)
[    3.655437] systemd[1]: Detected virtualization oracle.
[    3.656390] systemd[1]: Detected architecture x86-64.

Welcome to [1mUbuntu 18.04.5 LTS[0m!

[    3.659508] systemd[1]: Set hostname to <ubuntu>.
[    3.661717] systemd[1]: Initializing machine ID from random generator.
[    3.662874] systemd[1]: Installed transient /etc/machine-id file.
[    3.853918] systemd[1]: Created slice User and Session Slice.
[[0;32m  OK  [0m] Created slice User and Session Slice.
[    3.856057] systemd[1]: Started Forward Password Requests to Wall Directory Watch.
[[0;32m  OK  [0m] Started Forward Password Requests to Wall Directory Watch.
[    3.858685] systemd[1]: Reached target System Time Synchronized.
[[0;32m  OK  [0m] Reached target System Time Synchronized.
[    3.860880] systemd[1]: Created slice System Slice.
[[0;32m  OK  [0m] Created slice System Slice.
[[0;32m  OK  [0m] Listening on /dev/initctl Compatibility Named Pipe.
[[0;32m  OK  [0m] Listening on udev Control Socket.
[[0;32m  OK  [0m] Listening on udev Kernel Socket.
[[0;32m  OK  [0m] Listening on Network Service Netlink Socket.
[[0;32m  OK  [0m] Listening on Device-mapper event daemon FIFOs.
[[0;32m  OK  [0m] Listening on LVM2 metadata daemon socket.
[[0;32m  OK  [0m] Listening on Journal Socket.
         Starting udev Coldplug all Devices...
         Starting Load Kernel Modules...
         Mounting POSIX Message Queue File System...
         Starting Create list of required st…ce nodes for the current kernel...
[[0;32m  OK  [0m] Created slice system-serial\x2dgetty.slice.
         Starting Set the console keyboard layout...
         Starting Monitoring of LVM2 mirrors…ng dmeventd or progress polling...
[[0;32m  OK  [0m] Listening on fsck to fsckd communication Socket.
         Starting Uncomplicated firewall...
         Mounting Huge Pages File System...
[[0;32m  OK  [0m] Reached target User and Group Name Lookups.
[[0;32m  OK  [0m] Reached target Slices.[    3.914953] Loading iSCSI transport class v2.0-870.

         Starting File System Check on Root Device...
[[0;32m  OK  [0m] Listening on Journal Socket (/dev/log).
[[0;32m  OK  [0m] Listening on Journal Audit Socket.
[[0;32m  OK  [0m] Reached target Swap.
[[0;32m  OK  [0m] Set up automount Arbitrary Executab…rmats File System Automount Point.
[    3.961557] iscsi: registered transport (tcp)
[    3.973870] iscsi: registered transport (iser)
[[0;32m  OK  [0m] Listening on LVM2 poll daemon socket.
         Mounting Kernel Debug File System...
[[0;32m  OK  [0m] Listening on Syslog Socket.
         Starting Journal Service...
[[0;32m  OK  [0m] Started Load Kernel Modules.
[[0;32m  OK  [0m] Mounted POSIX Message Queue File System.
[[0;32m  OK  [0m] Started Create list of required sta…vice nodes for the current kernel.
[[0;32m  OK  [0m] Started Uncomplicated firewall.
[[0;32m  OK  [0m] Mounted Huge Pages File System.
[[0;32m  OK  [0m] Mounted Kernel Debug File System.
[[0;32m  OK  [0m] Started File System Check Daemon to report status.
[[0;32m  OK  [0m] Started LVM2 metadata daemon.
         Starting Create Static Device Nodes in /dev...
         Mounting Kernel Configuration File System...
         Mounting FUSE Control File System...
         Starting Apply Kernel Variables...
[[0;32m  OK  [0m] Started File System Check on Root Device.
         Starting Remount Root and Kernel File Systems...
[[0;32m  OK  [0m] Mounted Kernel Configuration File System.
[[0;32m  OK  [0m] Mounted FUSE Control File System.
[[0;32m  OK  [0m] Started Create Static Device Nodes in /dev.
[[0;32m  OK  [0m] Started Journal Service.
[[0;32m  OK  [0m] Started udev Coldplug all Devices.
[[0;32m  OK  [0m] Started Apply Kernel Variables.
[[0;32m  OK  [0m] Started Monitoring of LVM2 mirrors,…sing dmeventd or progress polling.
[[0;32m  OK  [0m] Started Remount Root and Kernel File Systems.
         Starting Flush Journal to Persistent Storage...
         Starting udev Kernel Device Manager...
         Starting Load/Save Random Seed...
[[0;32m  OK  [0m] Started Load/Save Random Seed.
[[0;32m  OK  [0m] Started Set the console keyboard layout.
[[0;32m  OK  [0m] Reached target Local File Systems (Pre).
[[0;32m  OK  [0m] Reached target Local File Systems.
         Starting Set console font and keymap...
         Starting Tell Plymouth To Write Out Runtime Data...
         Starting Commit a transient machine-id on disk...
         Starting AppArmor initialization...
         Starting ebtables ruleset management...
[[0;32m  OK  [0m] Started udev Kernel Device Manager.
[[0;32m  OK  [0m] Started Dispatch Password Requests to Console Directory Watch.
[[0;32m  OK  [0m] Reached target Local Encrypted Volumes.
[[0;32m  OK  [0m] Started Set console font and keymap.
[[0;32m  OK  [0m] Started Tell Plymouth To Write Out Runtime Data.
[[0;32m  OK  [0m] Started Commit a transient machine-id on disk.
[[0;32m  OK  [0m] Started Flush Journal to Persistent Storage.
         Starting Create Volatile Files and Directories...
[[0;32m  OK  [0m] Started Create Volatile Files and Directories.
         Starting Update UTMP about System Boot/Shutdown...
[[0;32m  OK  [0m] Started Update UTMP about System Boot/Shutdown.
[[0;32m  OK  [0m] Started ebtables ruleset management.
[[0;32m  OK  [0m] Found device /dev/ttyS0.
[[0;32m  OK  [0m] Listening on Load/Save RF Kill Switch Status /dev/rfkill Watch.
[[0;32m  OK  [0m] Started AppArmor initialization.
         Starting Initial cloud-init job (pre-networking)...
         Starting Load AppArmor profiles managed internally by snapd...
[[0;32m  OK  [0m] Started Load AppArmor profiles managed internally by snapd.
[    6.197394] cloud-init[565]: Cloud-init v. 20.4.1-0ubuntu1~18.04.1 running 'init-local' at Wed, 17 Mar 2021 11:24:22 +0000. Up 5.93 seconds.
[[0;32m  OK  [0m] Started Initial cloud-init job (pre-networking).
[[0;32m  OK  [0m] Reached target Network (Pre).
         Starting Network Service...
[[0;32m  OK  [0m] Started Network Service.
         Starting Network Name Resolution...
         Starting Wait for Network to be Configured...
[[0;32m  OK  [0m] Started Network Name Resolution.
[[0;32m  OK  [0m] Reached target Network.
[[0;32m  OK  [0m] Reached target Host and Network Name Lookups.
[[0;32m  OK  [0m] Started Wait for Network to be Configured.
         Starting Initial cloud-init job (metadata service crawler)...
[    8.478297] cloud-init[688]: Cloud-init v. 20.4.1-0ubuntu1~18.04.1 running 'init' at Wed, 17 Mar 2021 11:24:25 +0000. Up 8.36 seconds.
[    8.479516] cloud-init[688]: ci-info: ++++++++++++++++++++++++++++++++++++++Net device info++++++++++++++++++++++++++++++++++++++
[    8.481396] cloud-init[688]: ci-info: +--------+------+----------------------------+---------------+--------+-------------------+
[    8.484221] cloud-init[688]: ci-info: | Device |  Up  |          Address           |      Mask     | Scope  |     Hw-Address    |
[    8.485853] cloud-init[688]: ci-info: +--------+------+----------------------------+---------------+--------+-------------------+
[    8.487639] cloud-init[688]: ci-info: | enp0s3 | True |         10.0.2.15          | 255.255.255.0 | global | 02:bb:7e:38:85:b0 |
[    8.490556] cloud-init[688]: ci-info: | enp0s3 | True | fe80::bb:7eff:fe38:85b0/64 |       .       |  link  | 02:bb:7e:38:85:b0 |
[    8.493977] cloud-init[688]: ci-info: |   lo   | True |         127.0.0.1          |   255.0.0.0   |  host  |         .         |
[    8.496730] cloud-init[688]: ci-info: |   lo   | True |          ::1/128           |       .       |  host  |         .         |
[    8.501734] cloud-init[688]: ci-info: +--------+------+----------------------------+---------------+--------+-------------------+
[    8.504304] cloud-init[688]: ci-info: ++++++++++++++++++++++++++++Route IPv4 info+++++++++++++++++++++++++++++
[    8.506876] cloud-init[688]: ci-info: +-------+-------------+----------+-----------------+-----------+-------+
[    8.510073] cloud-init[688]: ci-info: | Route | Destination | Gateway  |     Genmask     | Interface | Flags |
[    8.513874] cloud-init[688]: ci-info: +-------+-------------+----------+-----------------+-----------+-------+
[    8.520540] cloud-init[688]: ci-info: |   0   |   0.0.0.0   | 10.0.2.2 |     0.0.0.0     |   enp0s3  |   UG  |
[    8.523709] cloud-init[688]: ci-info: |   1   |   10.0.2.0  | 0.0.0.0  |  255.255.255.0  |   enp0s3  |   U   |
[    8.528116] cloud-init[688]: ci-info: |   2   |   10.0.2.2  | 0.0.0.0  | 255.255.255.255 |   enp0s3  |   UH  |
[    8.532467] cloud-init[688]: ci-info: +-------+-------------+----------+-----------------+-----------+-------+
[    8.534854] cloud-init[688]: ci-info: +++++++++++++++++++Route IPv6 info+++++++++++++++++++
[    8.537065] cloud-init[688]: ci-info: +-------+-------------+---------+-----------+-------+
[    8.539715] cloud-init[688]: ci-info: | Route | Destination | Gateway | Interface | Flags |
[    8.546694] cloud-init[688]: ci-info: +-------+-------------+---------+-----------+-------+
[    8.548683] cloud-init[688]: ci-info: |   1   |  fe80::/64  |    ::   |   enp0s3  |   U   |
[    8.550763] cloud-init[688]: ci-info: |   3   |    local    |    ::   |   enp0s3  |   U   |
[    8.553720] cloud-init[688]: ci-info: |   4   |   ff00::/8  |    ::   |   enp0s3  |   U   |
[    8.557200] cloud-init[688]: ci-info: +-------+-------------+---------+-----------+-------+
[    9.094707] cloud-init[688]: Generating public/private rsa key pair.
[    9.095693] cloud-init[688]: Your identification has been saved in /etc/ssh/ssh_host_rsa_key.
[    9.096766] cloud-init[688]: Your public key has been saved in /etc/ssh/ssh_host_rsa_key.pub.
[    9.097784] cloud-init[688]: The key fingerprint is:
[    9.098528] cloud-init[688]: SHA256:+vpkOCnxt4pKeFRTfXLKQveCiKPUotolskpuU79hI5k root@ubuntu-bionic
[    9.100513] cloud-init[688]: The key's randomart image is:
[    9.104208] cloud-init[688]: +---[RSA 2048]----+
[    9.105080] cloud-init[688]: |      ..         |
[    9.108132] cloud-init[688]: |     .. + o      |
[    9.108959] cloud-init[688]: |  ..oo + *       |
[    9.109758] cloud-init[688]: | ooo..o + .      |
[    9.112463] cloud-init[688]: |o.o..  .S.       |
[    9.116488] cloud-init[688]: |+o..+o +         |
[    9.117379] cloud-init[688]: |o=+Eo+* +        |
[    9.118262] cloud-init[688]: |==. o+o* .       |
[    9.118989] cloud-init[688]: |+.o...+++        |
[    9.128224] cloud-init[688]: +----[SHA256]-----+
[    9.129275] cloud-init[688]: Generating public/private dsa key pair.
[    9.130639] cloud-init[688]: Your identification has been saved in /etc/ssh/ssh_host_dsa_key.
[    9.136635] cloud-init[688]: Your public key has been saved in /etc/ssh/ssh_host_dsa_key.pub.
[    9.149097] cloud-init[688]: The key fingerprint is:
[    9.150018] cloud-init[688]: SHA256:6N3T2r1RVz62iLMhcChrOfl/pbSba/9TXMoNsAC2cmM root@ubuntu-bionic
[    9.152194] cloud-init[688]: The key's randomart image is:
[[0;32m  OK  [0m] Started Initial cloud-init job (metadata service crawler).[    9.168479] cloud-init[688]: +---[DSA 1024]----+
[    9.169540] cloud-init[688]: |        o.       |
[    9.170571] cloud-init[688]: |       . .. .    |
[    9.171381] cloud-init[688]: |      . E  . o  .|
[[0;32m  OK  [0m] Reached target System Initialization.
[[0;32m  OK  [0m] Listening on ACPID Listen Socket.
[[0;32m  OK  [0m] Listening on Open-iSCSI iscsid Socket.
         Starting Socket activation for snappy daemon.
[[0;32m  OK  [0m] Listening on D-Bus System Message Bus Socket.

[[0;32m  OK  [0m] Started Daily apt download activities.
[[0;32m  OK  [0m] Started Message of the Day.
[    9.184547]          Starting LXD - unix socket.
[[0;32m  OK  [0m] Started Daily apt upgrade and clean activities.
[[0;32m  OK  [0m] Started Daily Cleanup of Temporary Directories.
cloud-init[688]: |       =..  . ..o|
[[0;32m  OK  [0m] Listening on UUID daemon activation socket.
[    9.215267] cloud-init[688]: |     ..oS.   . B=|
[[0;32m  OK  [0m] Started ACPI Events Check.
[[0;32m  OK  [0m] Reached target Paths.
[    9.218201] cloud-init[688]: |     .=.o. o..=.B|
[[0;32m  OK  [0m] Started Discard unused blocks once a week.
[[0;32m  OK  [0m] Reached target Timers.
[    9.221209] cloud-init[688]: |     *. ..++=....|
[[0;32m  OK  [0m] Reached target Cloud-config availability.
[[0;32m  OK  [0m] Reached target Network is Online.
[    9.225779] cloud-init[688]: |    . o   .O=. o |
[    9.228407] cloud-init[688]: |       ...+==.+o.|
         Starting Availability of block devices...
[[0;32m  OK  [0m] Reached target Remote File Systems (Pre).
[[0;32m  OK  [0m] Reached target Remote File Systems.
[[0;32m  OK  [0m] Listening on Socket activation for snappy daemon.[    9.230653] cloud-init[688]: +----[SHA256]-----+
[    9.237222] cloud-init[688]: Generating public/private ecdsa key pair.
[    9.238493] cloud-init[688]: Your identification has been saved in /etc/ssh/ssh_host_ecdsa_key.
[    9.238938] cloud-init[688]: Your public key has been saved in /etc/ssh/ssh_host_ecdsa_key.pub.

[[0;32m  OK  [0m] Listening on LXD - unix socket.
[[0;32m  OK  [0m] Started Availability of block devices.
[[0;32m  OK  [0m] Reached target Sockets.
[[0;32m  OK  [0m] Reached target Basic System.
         Starting Accounts Service...
[    9.249425] cloud-init[688]: The key fingerprint is:
[    9.257835] cloud-init[688]: SHA256:XiRuYWnH2LenjK7km20hWvl01/FcepjzRReIoeDilwY root@ubuntu-bionic
[    9.259229] cloud-init[688]: The key's randomart image is:
[    9.260277] cloud-init[688]: +---[ECDSA 256]---+
[    9.262716] cloud-init[688]: |       .   .o .  |
[    9.263206] cloud-init[688]: |      . .=.. . . |
[    9.263617] cloud-init[688]: |     E .B.= .   .|
[    9.264457] cloud-init         Starting Dispatcher daemon for systemd-networkd...
[[0;32m  OK  [0m] Started FUSE filesystem for LXC.
[688]: |    . o+.= . . .+|
[[0;32m  OK  [0m] Started irqbalance daemon.
         Starting Pollinate to seed the pseudo random number generator...
[    9.273560] cloud-init[688]: |     . +S.. . .B=|
[[0;32m  OK  [0m] Started D-Bus System Message Bus.
[    9.287636] cloud-init[688]: |      oo+.oo.o* *|
[    9.290558] cloud-init[688]: |       oo+.oo. +.|
[    9.291854] cloud-init[688]: |      .o +o     .|
[    9.294000] cloud-init[688]: |        =+o      |
[    9.301170] cloud-init[688]: +----[SHA256]-----+
[    9.302536] cloud-init[688]: Generating public/private ed25519 key pair.
[    9.303863] cloud-init[688]: Your identification has been saved in /etc/ssh/ssh_host_ed25519_key.
[    9.311251] cloud-init[688]: Your public key has been saved in /etc/ssh/ssh_host_ed25519_key.pub.
[    9.314996] cloud-init[688]: The key fingerprint is:
[    9.321016] cloud-init[688]: SHA256:d0aHh9+2dbJDAx62p9m2SDqVk6BuzvluU5ZWBgCBbLo root@ubuntu-bionic
[    9.331036] cloud-init[688]: The key's randomart image is:[[0;32m  OK  [0m] Started Regular background program processing daemon.
         Starting LSB: Record successful boot for GRUB...
         Starting LXD - container startup/shutdown...

         Starting System Logging Service...
[[0;32m  OK  [0m] Started Deferred execution scheduler.
         Starting Login Service...
[    9.347795] cloud-init[688]: +--[ED25519 256]--+
         Starting Virtualbox guest utils...
         Starting Permit User Sessions...
         Starting LSB: automatic crash report generation...
[    9.361983] cloud-init[688]: |     . .oo..     |
[    9.367663] cloud-init[688]: |      +     .o   |
[    9.372746] cloud-init[688]: |     o      B.o  |
[    9.377451] cloud-init[688]: |    .     .+ Bo. |
[    9.383387] cloud-init[688]: |     .  S...=** =|
[    9.387380] cloud-init[688]: |    E   .. oX* =+|
[    9.390836] cloud-init[688]: |       .   =+.=. |
[    9.393729] cloud-init[688]: |       .o.+o o o |
[    9.401784] cloud-init[688]: |       o+++o. .  |
[    9.405373] cloud-init[688]: +----[SHA256]-----+
         Starting Snap Daemon...
[[0;32m  OK  [0m] Started System Logging Service.
[[0;32m  OK  [0m] Started Permit User Sessions.
         Starting Terminate Plymouth Boot Screen...
         Starting Hold until boot process finishes up...
[[0;32m  OK  [0m] Started Terminate Plymouth Boot Screen.
[[0;32m  OK  [0m] Started Hold until boot process finishes up.
         Starting Set console scheme...
[[0;32m  OK  [0m] Started Serial Getty on ttyS0.
[[0;32m  OK  [0m] Started LXD - container startup/shutdown.
[[0;32m  OK  [0m] Started Set console scheme.
[[0;32m  OK  [0m] Started Login Service.
[[0;32m  OK  [0m] Started Unattended Upgrades Shutdown.
[[0;32m  OK  [0m] Created slice system-getty.slice.
[[0;32m  OK  [0m] Started Getty on tty1.
[[0;32m  OK  [0m] Reached target Login Prompts.
         Starting Authorization Manager...
[[0;32m  OK  [0m] Started LSB: automatic crash report generation.
[[0;32m  OK  [0m] Started Authorization Manager.
[[0;32m  OK  [0m] Started Accounts Service.
[[0;32m  OK  [0m] Started LSB: Record successful boot for GRUB.
[[0;32m  OK  [0m] Started Virtualbox guest utils.
[[0;32m  OK  [0m] Started Dispatcher daemon for systemd-networkd.
[[0;32m  OK  [0m] Started Snap Daemon.
         Starting Wait until snapd is fully seeded...
[[0;32m  OK  [0m] Started Pollinate to seed the pseudo random number generator.
         Starting OpenBSD Secure Shell server...
[[0;32m  OK  [0m] Started OpenBSD Secure Shell server.
[[0;32m  OK  [0m] Started Wait until snapd is fully seeded.
[[0;32m  OK  [0m] Reached target Multi-User System.
[[0;32m  OK  [0m] Reached target Graphical Interface.
         Starting Update UTMP about System Runlevel Changes...
         Starting Apply the settings specified in cloud-config...
[[0;32m  OK  [0m] Started Update UTMP about System Runlevel Changes.
[   11.298021] cloud-init[1060]: Cloud-init v. 20.4.1-0ubuntu1~18.04.1 running 'modules:config' at Wed, 17 Mar 2021 11:24:27 +0000. Up 11.01 seconds.
[[0;32m  OK  [0m] Started Apply the settings specified in cloud-config.
         Starting Execute cloud user/final scripts...
ci-info: no authorized SSH keys fingerprints found for user ubuntu.
<14>Mar 17 11:24:28 ec2: 
<14>Mar 17 11:24:28 ec2: #############################################################
<14>Mar 17 11:24:28 ec2: -----BEGIN SSH HOST KEY FINGERPRINTS-----
<14>Mar 17 11:24:28 ec2: 1024 SHA256:6N3T2r1RVz62iLMhcChrOfl/pbSba/9TXMoNsAC2cmM root@ubuntu-bionic (DSA)
<14>Mar 17 11:24:28 ec2: 256 SHA256:XiRuYWnH2LenjK7km20hWvl01/FcepjzRReIoeDilwY root@ubuntu-bionic (ECDSA)
<14>Mar 17 11:24:28 ec2: 256 SHA256:d0aHh9+2dbJDAx62p9m2SDqVk6BuzvluU5ZWBgCBbLo root@ubuntu-bionic (ED25519)
<14>Mar 17 11:24:28 ec2: 2048 SHA256:+vpkOCnxt4pKeFRTfXLKQveCiKPUotolskpuU79hI5k root@ubuntu-bionic (RSA)
<14>Mar 17 11:24:28 ec2: -----END SSH HOST KEY FINGERPRINTS-----
<14>Mar 17 11:24:28 ec2: #############################################################
-----BEGIN SSH HOST KEY KEYS-----
ecdsa-sha2-nistp256 AAAAE2VjZHNhLXNoYTItbmlzdHAyNTYAAAAIbmlzdHAyNTYAAABBBCV3/DD0X0O+8d/yE7NFVG/F1viXtqCvEAJnYGQiWOgew1GNYuYevqTVbweg1lbX2XLS8v4ZM3+Ju1/90MGDgm0= root@ubuntu-bionic
ssh-ed25519 AAAAC3NzaC1lZDI1NTE5AAAAIGv0hYC4GugFbPqotvoKU6Onmt8WUnEHH8evZsBzksLz root@ubuntu-bionic
ssh-rsa AAAAB3NzaC1yc2EAAAADAQABAAABAQCw8Vs1eSTGESKXObEbsu12zdynlqXB61+cCpm5X40bKglM8WcfB0O/tUJ+xooLLeyHLOgHEC6TnvPlB6JriHmOfxGWDmcIENs4E623GArDFVkjFvD4KT1M3Q2NZRCQi1jm9a81/1UOYMy/+ZdFVBpsrL1F4Ss/tm7RRvR7kbJZ5y8TtAEl/1wEzCWEkJccujt9Ycgohg32lZfZ3i0ZvK3YpDH2/tzYyIap24lXYfbk9i+S+9B5wAoLnhCPqvMFkqhayIyuEKrEgKRYvFoaMg0/fMDPnmN1Fg4RiNJPmchpoCxYw/gdfgHmgdVNJn82loAfDXidtVD+RnG1suKVd36R root@ubuntu-bionic
-----END SSH HOST KEY KEYS-----
[   11.732548] cloud-init[1099]: Cloud-init v. 20.4.1-0ubuntu1~18.04.1 running 'modules:final' at Wed, 17 Mar 2021 11:24:28 +0000. Up 11.59 seconds.
[   11.744174] cloud-init[1099]: ci-info: no authorized SSH keys fingerprints found for user ubuntu.
[   11.756277] cloud-init[1099]: Cloud-init v. 20.4.1-0ubuntu1~18.04.1 finished at Wed, 17 Mar 2021 11:24:28 +0000. Datasource DataSourceNoCloud [seed=/dev/sdb][dsmode=net].  Up 11.72 seconds
[[0;32m  OK  [0m] Started Execute cloud user/final scripts.
[[0;32m  OK  [0m] Reached target Cloud-init target.

Ubuntu 18.04.5 LTS ubuntu-bionic ttyS0

ubuntu-bionic login: 